<?xml version="1.0" encoding="UTF-8"?>
<testsuite xmlns:xsi="http://www.w3.org/2001/XMLSchema-instance" xsi:noNamespaceSchemaLocation="https://maven.apache.org/surefire/maven-surefire-plugin/xsd/surefire-test-report-3.0.xsd" version="3.0" name="com.example.demo.EmployeeManagementSystemWeekApplicationTests" time="5.84" tests="1" errors="0" skipped="0" failures="0">
  <properties>
[...]
</properties>
  <testcase name="contextLoads" classname="com.example.demo.EmployeeManagementSystemWeekApplicationTests" time="0.941">
    <system-out><![CDATA[22:04:57.213 [main] INFO org.springframework.test.context.support.AnnotationConfigContextLoaderUtils -- Could not detect default configuration classes for test class [com.example.demo.EmployeeManagementSystemWeekApplicationTests]: EmployeeManagementSystemWeekApplicationTests does not declare any static, non-private, non-final, nested classes annotated with @Configuration.
22:04:57.402 [main] INFO org.springframework.boot.test.context.SpringBootTestContextBootstrapper -- Found @SpringBootConfiguration com.example.demo.EmployeeManagementSystemWeekApplication for test class com.example.demo.EmployeeManagementSystemWeekApplicationTests

  .   ____          _            __ _ _
 /\\ / ___'_ __ _ _(_)_ __  __ _ \ \ \ \
( ( )\___ | '_ | '_| | '_ \/ _` | \ \ \ \
 \\/  ___)| |_)| | | | | || (_| |  ) ) ) )
  '  |____| .__|_| |_|_| |_\__, | / / / /
 =========|_|==============|___/=/_/_/_/

 :: Spring Boot ::                (v3.3.2)

2024-08-20T22:04:58.087+05:30  INFO 6548 --- [EmployeeManagementSystemWeek] [           main] oyeeManagementSystemWeekApplicationTests : Starting EmployeeManagementSystemWeekApplicationTests using Java 22.0.1 with PID 6548 (started by WELCOME in D:\eclipse\EmployeeManagementSystemWeek)
2024-08-20T22:04:58.089+05:30  INFO 6548 --- [EmployeeManagementSystemWeek] [           main] oyeeManagementSystemWeekApplicationTests : No active profile set, falling back to 1 default profile: "default"
2024-08-20T22:04:58.864+05:30  INFO 6548 --- [EmployeeManagementSystemWeek] [           main] .s.d.r.c.RepositoryConfigurationDelegate : Bootstrapping Spring Data JPA repositories in DEFAULT mode.
2024-08-20T22:04:58.897+05:30  INFO 6548 --- [EmployeeManagementSystemWeek] [           main] .s.d.r.c.RepositoryConfigurationDelegate : Finished Spring Data repository scanning in 20 ms. Found 0 JPA repository interfaces.
2024-08-20T22:04:59.405+05:30  INFO 6548 --- [EmployeeManagementSystemWeek] [           main] com.zaxxer.hikari.HikariDataSource       : HikariPool-1 - Starting...
2024-08-20T22:04:59.665+05:30  INFO 6548 --- [EmployeeManagementSystemWeek] [           main] com.zaxxer.hikari.pool.HikariPool        : HikariPool-1 - Added connection conn0: url=jdbc:h2:mem:testdb user=SA
2024-08-20T22:04:59.666+05:30  INFO 6548 --- [EmployeeManagementSystemWeek] [           main] com.zaxxer.hikari.HikariDataSource       : HikariPool-1 - Start completed.
2024-08-20T22:04:59.737+05:30  INFO 6548 --- [EmployeeManagementSystemWeek] [           main] o.hibernate.jpa.internal.util.LogHelper  : HHH000204: Processing PersistenceUnitInfo [name: default]
2024-08-20T22:04:59.837+05:30  INFO 6548 --- [EmployeeManagementSystemWeek] [           main] org.hibernate.Version                    : HHH000412: Hibernate ORM core version 6.5.2.Final
2024-08-20T22:04:59.899+05:30  INFO 6548 --- [EmployeeManagementSystemWeek] [           main] o.h.c.internal.RegionFactoryInitiator    : HHH000026: Second-level cache disabled
2024-08-20T22:05:00.405+05:30  INFO 6548 --- [EmployeeManagementSystemWeek] [           main] o.s.o.j.p.SpringPersistenceUnitInfo      : No LoadTimeWeaver setup: ignoring JPA class transformer
2024-08-20T22:05:00.481+05:30  WARN 6548 --- [EmployeeManagementSystemWeek] [           main] org.hibernate.orm.deprecation            : HHH90000025: H2Dialect does not need to be specified explicitly using 'hibernate.dialect' (remove the property setting and it will be selected by default)
2024-08-20T22:05:00.943+05:30  INFO 6548 --- [EmployeeManagementSystemWeek] [           main] o.h.e.t.j.p.i.JtaPlatformInitiator       : HHH000489: No JTA platform available (set 'hibernate.transaction.jta.platform' to enable JTA platform integration)
2024-08-20T22:05:00.950+05:30  INFO 6548 --- [EmployeeManagementSystemWeek] [           main] j.LocalContainerEntityManagerFactoryBean : Initialized JPA EntityManagerFactory for persistence unit 'default'
2024-08-20T22:05:01.158+05:30  WARN 6548 --- [EmployeeManagementSystemWeek] [           main] JpaBaseConfiguration$JpaWebConfiguration : spring.jpa.open-in-view is enabled by default. Therefore, database queries may be performed during view rendering. Explicitly configure spring.jpa.open-in-view to disable this warning
2024-08-20T22:05:01.672+05:30  INFO 6548 --- [EmployeeManagementSystemWeek] [           main] oyeeManagementSystemWeekApplicationTests : Started EmployeeManagementSystemWeekApplicationTests in 4.012 seconds (process running for 6.124)
]]></system-out>
    <system-err><![CDATA[WARNING: A Java agent has been loaded dynamically (C:\Users\WELCOME\.m2\repository\net\bytebuddy\byte-buddy-agent\1.14.18\byte-buddy-agent-1.14.18.jar)
WARNING: If a serviceability tool is in use, please run with -XX:+EnableDynamicAgentLoading to hide this warning
WARNING: If a serviceability tool is not in use, please run with -Djdk.instrument.traceUsage for more information
WARNING: Dynamic loading of agents will be disallowed by default in a future release
]]></system-err>
  </testcase>
</testsuite>